{"numFailedTestSuites":0,"numFailedTests":0,"numPassedTestSuites":2,"numPassedTests":2,"numPendingTestSuites":0,"numPendingTests":0,"numRuntimeErrorTestSuites":0,"numTodoTests":0,"numTotalTestSuites":2,"numTotalTests":2,"openHandles":[],"snapshot":{"added":0,"didUpdate":false,"failure":false,"filesAdded":0,"filesRemoved":0,"filesRemovedList":[],"filesUnmatched":0,"filesUpdated":0,"matched":0,"total":0,"unchecked":0,"uncheckedKeysByFile":[],"unmatched":0,"updated":0},"startTime":1732874691197,"success":true,"testResults":[{"assertionResults":[{"ancestorTitles":[],"failureMessages":[],"fullName":"renders Loading...","location":null,"status":"passed","title":"renders Loading..."}],"endTime":1732874692051,"message":"","name":"/Users/buseaydin/Desktop/451/bounswe2024group4/frontend/fitness-diet-forum/src/__tests__/LeaderBoard.test.js","startTime":1732874691742,"status":"passed","summary":""},{"assertionResults":[{"ancestorTitles":[],"failureMessages":[],"fullName":"renders ExerciseProgram component and submits rating","location":null,"status":"passed","title":"renders ExerciseProgram component and submits rating"}],"endTime":1732874692059,"message":"","name":"/Users/buseaydin/Desktop/451/bounswe2024group4/frontend/fitness-diet-forum/src/__tests__/ExerciseProgram.test.js","startTime":1732874691718,"status":"passed","summary":""}],"wasInterrupted":false}