{"name": "test_rate_workout_success", "status": "failed", "statusDetails": {"message": "AssertionError: 400 != 200", "trace": "self = <exercise_program_app.tests.RateWorkoutTestCase testMethod=test_rate_workout_success>\n\n    def test_rate_workout_success(self):\n        # Log in the user to simulate an authenticated request\n        self.client.login(username='testuser', password='password')\n    \n        # Simulate a POST request to rate the workout with valid data\n        url = reverse('rate_workout')\n        data = {\n            'workout_id': self.workout.workout_id,\n            'rating': 4.5\n        }\n        response = self.client.post(url, data)\n    \n        # Check that the response status code is 200 OK\n>       self.assertEqual(response.status_code, 200)\nE       AssertionError: 400 != 200\n\nexercise_program_app/tests.py:72: AssertionError"}, "attachments": [{"name": "log", "source": "624881a5-679a-4d31-8f4c-dfc98694c36e-attachment.txt", "type": "text/plain"}], "start": 1732823844339, "stop": 1732823844584, "uuid": "9c971e3b-44b4-4e4c-be24-9fad6fa747c4", "historyId": "a0fd9f7d53bc3b1c61bbf199f62ff061", "testCaseId": "a0fd9f7d53bc3b1c61bbf199f62ff061", "fullName": "backend.exercise_program_app.tests.RateWorkoutTestCase#test_rate_workout_success", "labels": [{"name": "parentSuite", "value": "backend.exercise_program_app"}, {"name": "suite", "value": "tests"}, {"name": "subSuite", "value": "RateWorkoutTestCase"}, {"name": "host", "value": "Kaan-MacBook-Pro-2.local"}, {"name": "thread", "value": "75243-MainThread"}, {"name": "framework", "value": "pytest"}, {"name": "language", "value": "cpython3"}, {"name": "package", "value": "backend.exercise_program_app.tests"}]}