{"name": "test_rate_workout_invalid_method", "status": "failed", "statusDetails": {"message": "AssertionError: 'detail' not found in {'error': 'Invalid request method'}", "trace": "self = <exercise_program_app.tests.RateWorkoutTestCase testMethod=test_rate_workout_invalid_method>\n\n    def test_rate_workout_invalid_method(self):\n        # Simulate a GET request to the rate_workout endpoint\n        url = reverse('rate_workout')\n        response = self.client.get(url)\n    \n        # Check that the response status code is 405 Method Not Allowed\n        self.assertEqual(response.status_code, 405)\n    \n        # Check the JSON response data for the error message\n        json_data = response.json()\n>       self.assertIn('detail', json_data)\nE       AssertionError: 'detail' not found in {'error': 'Invalid request method'}\n\nexercise_program_app/tests.py:139: AssertionError"}, "attachments": [{"name": "log", "source": "5e9919a1-37c4-4300-ba99-4d2a97a4c8ef-attachment.txt", "type": "text/plain"}], "start": 1732823843812, "stop": 1732823843942, "uuid": "a8ed7fd1-b690-4679-b6ef-b5863399b02e", "historyId": "31b90a88100ae02afea19334ad72e710", "testCaseId": "31b90a88100ae02afea19334ad72e710", "fullName": "backend.exercise_program_app.tests.RateWorkoutTestCase#test_rate_workout_invalid_method", "labels": [{"name": "parentSuite", "value": "backend.exercise_program_app"}, {"name": "suite", "value": "tests"}, {"name": "subSuite", "value": "RateWorkoutTestCase"}, {"name": "host", "value": "Kaan-MacBook-Pro-2.local"}, {"name": "thread", "value": "75243-MainThread"}, {"name": "framework", "value": "pytest"}, {"name": "language", "value": "cpython3"}, {"name": "package", "value": "backend.exercise_program_app.tests"}]}