{"name": "test_rate_workout_success", "status": "failed", "statusDetails": {"message": "AssertionError: 400 != 200", "trace": "self = <exercise_program_app.tests.RateWorkoutTestCase testMethod=test_rate_workout_success>\n\n    def test_rate_workout_success(self):\n        # Log in the user to simulate an authenticated request\n        self.client.login(username='testuser', password='password')\n    \n        # Simulate a POST request to rate the workout with valid data\n        url = reverse('rate_workout')\n        data = {\n            'workout_id': self.workout.workout_id,\n            'rating': 4.5\n        }\n        response = self.client.post(url, data)\n    \n        # Check that the response status code is 200 OK\n>       self.assertEqual(response.status_code, 200)\nE       AssertionError: 400 != 200\n\nexercise_program_app/tests.py:72: AssertionError"}, "attachments": [{"name": "log", "source": "f2bec364-80cd-4826-8663-8ed062e5593f-attachment.txt", "type": "text/plain"}], "start": 1732878634649, "stop": 1732878634908, "uuid": "42b8cbfc-0908-4930-b706-fa6007215be8", "historyId": "a0fd9f7d53bc3b1c61bbf199f62ff061", "testCaseId": "a0fd9f7d53bc3b1c61bbf199f62ff061", "fullName": "backend.exercise_program_app.tests.RateWorkoutTestCase#test_rate_workout_success", "labels": [{"name": "parentSuite", "value": "backend.exercise_program_app"}, {"name": "suite", "value": "tests"}, {"name": "subSuite", "value": "RateWorkoutTestCase"}, {"name": "host", "value": "Kaan-MacBook-Pro-2.local"}, {"name": "thread", "value": "85855-MainThread"}, {"name": "framework", "value": "pytest"}, {"name": "language", "value": "cpython3"}, {"name": "package", "value": "backend.exercise_program_app.tests"}]}