{"name": "test_rate_workout_invalid_rating", "status": "failed", "statusDetails": {"message": "AssertionError: 'Expecting value: line 1 column 1 (char 0)' != 'Rating must be between 0 and 5'\n- Expecting value: line 1 column 1 (char 0)\n+ Rating must be between 0 and 5", "trace": "self = <exercise_program_app.tests.RateWorkoutTestCase testMethod=test_rate_workout_invalid_rating>\n\n    def test_rate_workout_invalid_rating(self):\n        # Log in the user to simulate an authenticated request\n        self.client.login(username='testuser', password='password')\n    \n        # Simulate a POST request to rate the workout with an invalid rating\n        url = reverse('rate_workout')\n        data = {\n            'workout_id': self.workout.workout_id,\n            'rating': 6  # Invalid rating (greater than 5)\n        }\n        response = self.client.post(url, data)\n    \n        # Check that the response status code is 400 Bad Request\n        self.assertEqual(response.status_code, 400)\n    \n        # Check the JSON response data for the error message\n        json_data = response.json()\n        self.assertIn('error', json_data)\n>       self.assertEqual(json_data['error'], 'Rating must be between 0 and 5')\nE       AssertionError: 'Expecting value: line 1 column 1 (char 0)' != 'Rating must be between 0 and 5'\nE       - Expecting value: line 1 column 1 (char 0)\nE       + Rating must be between 0 and 5\n\nexercise_program_app/tests.py:107: AssertionError"}, "attachments": [{"name": "log", "source": "28adad6f-e98b-42a4-8a59-8d9d26fcaf57-attachment.txt", "type": "text/plain"}], "start": 1732823843945, "stop": 1732823844188, "uuid": "6ec88539-da16-46e9-b623-5ff2ea1cc4f5", "historyId": "6bd13b0cdc9105fb8cc9f962b1b43953", "testCaseId": "6bd13b0cdc9105fb8cc9f962b1b43953", "fullName": "backend.exercise_program_app.tests.RateWorkoutTestCase#test_rate_workout_invalid_rating", "labels": [{"name": "parentSuite", "value": "backend.exercise_program_app"}, {"name": "suite", "value": "tests"}, {"name": "subSuite", "value": "RateWorkoutTestCase"}, {"name": "host", "value": "Kaan-MacBook-Pro-2.local"}, {"name": "thread", "value": "75243-MainThread"}, {"name": "framework", "value": "pytest"}, {"name": "language", "value": "cpython3"}, {"name": "package", "value": "backend.exercise_program_app.tests"}]}