{"name": "test_rate_workout_no_user", "status": "failed", "statusDetails": {"message": "AssertionError: 'Expecting value: line 1 column 1 (char 0)' != 'No user found'\n- Expecting value: line 1 column 1 (char 0)\n+ No user found", "trace": "self = <exercise_program_app.tests.RateWorkoutTestCase testMethod=test_rate_workout_no_user>\n\n    def test_rate_workout_no_user(self):\n        # Delete the user to simulate no user found\n        self.user.delete()\n    \n        # Simulate a POST request to rate the workout\n        url = reverse('rate_workout')\n        data = {\n            'workout_id': self.workout.workout_id,\n            'rating': 4.5\n        }\n        response = self.client.post(url, data)\n    \n        # Check that the response status code is 400 Bad Request\n        self.assertEqual(response.status_code, 400)\n    \n        # Check the JSON response data for the error message\n        json_data = response.json()\n        self.assertIn('error', json_data)\n>       self.assertEqual(json_data['error'], 'No user found')\nE       AssertionError: 'Expecting value: line 1 column 1 (char 0)' != 'No user found'\nE       - Expecting value: line 1 column 1 (char 0)\nE       + No user found\n\nexercise_program_app/tests.py:127: AssertionError"}, "attachments": [{"name": "log", "source": "26cbc339-55b6-4d17-90e9-9a0957822378-attachment.txt", "type": "text/plain"}], "start": 1732823425841, "stop": 1732823425971, "uuid": "35eadefa-5fef-490f-bab9-5483c22c1b43", "historyId": "4f26389aebfda89869282ee33c454ee0", "testCaseId": "4f26389aebfda89869282ee33c454ee0", "fullName": "backend.exercise_program_app.tests.RateWorkoutTestCase#test_rate_workout_no_user", "labels": [{"name": "parentSuite", "value": "backend.exercise_program_app"}, {"name": "suite", "value": "tests"}, {"name": "subSuite", "value": "RateWorkoutTestCase"}, {"name": "host", "value": "Kaan-MacBook-Pro-2.local"}, {"name": "thread", "value": "75128-MainThread"}, {"name": "framework", "value": "pytest"}, {"name": "language", "value": "cpython3"}, {"name": "package", "value": "backend.exercise_program_app.tests"}]}