{"name": "test_edit_profile", "status": "failed", "statusDetails": {"message": "AssertionError: 400 != 200", "trace": "self = <profiles_app.tests.TestProfile testMethod=test_edit_profile>\n\n    def test_edit_profile(self):\n        self.client.force_login(User.objects.get(username='user1'))\n        response = self.client.post('/edit_profile/', {\n            'bio': 'New bio',\n            'height': 190,\n            'password': '1234',\n        })\n    \n>       self.assertEqual(response.status_code, 200)\nE       AssertionError: 400 != 200\n\nprofiles_app/tests.py:83: AssertionError"}, "attachments": [{"name": "log", "source": "3a5dafae-8fb0-4790-8639-dece860bf7d6-attachment.txt", "type": "text/plain"}], "start": 1732823851549, "stop": 1732823851557, "uuid": "48bb4b2d-78f3-4e9e-b3f3-82eee6e26a0f", "historyId": "8565e34b59c9dd3cde03f04f003a5ee0", "testCaseId": "8565e34b59c9dd3cde03f04f003a5ee0", "fullName": "backend.profiles_app.tests.TestProfile#test_edit_profile", "labels": [{"name": "parentSuite", "value": "backend.profiles_app"}, {"name": "suite", "value": "tests"}, {"name": "subSuite", "value": "TestProfile"}, {"name": "host", "value": "Kaan-MacBook-Pro-2.local"}, {"name": "thread", "value": "75243-MainThread"}, {"name": "framework", "value": "pytest"}, {"name": "language", "value": "cpython3"}, {"name": "package", "value": "backend.profiles_app.tests"}]}